<?xml version="1.0" encoding="UTF-8"?>
<!-- Generated by org.testng.reporters.JUnitReportReporter -->
<testsuite hostname="Mustafizurs-MBP.home" name="tests.pass" tests="2" failures="0" timestamp="25 Feb 2018 15:43:47 GMT" time="1.475" errors="0">
  <testcase name="readFromXl" time="0.160" classname="tests.pass"/>
  <testcase name="writeIntoXl" time="1.315" classname="tests.pass"/>
</testsuite> <!-- tests.pass -->
