<?xml version="1.0" encoding="UTF-8"?>
<!-- Generated by org.testng.reporters.JUnitReportReporter -->
<testsuite hostname="Mustafizurs-MBP.fios-router.home" name="tests.pass" tests="2" failures="0" timestamp="28 Feb 2018 05:08:14 GMT" time="1.423" errors="0">
  <testcase name="writeIntoXl" time="1.254" classname="tests.pass"/>
  <testcase name="readFromXl" time="0.169" classname="tests.pass"/>
</testsuite> <!-- tests.pass -->
