<?xml version="1.0" encoding="UTF-8"?>
<!-- Generated by org.testng.reporters.JUnitReportReporter -->
<testsuite hostname="Mustafizurs-MBP.home" name="tests.pass" tests="2" failures="0" timestamp="14 Jan 2018 15:03:19 GMT" time="1.419" errors="0">
  <testcase name="readFromXl" time="0.161" classname="tests.pass"/>
  <testcase name="writeIntoXl" time="1.258" classname="tests.pass"/>
</testsuite> <!-- tests.pass -->
